app/build/outputs/logs/manifest-merger-debug-report.txt
-- Merging decision tree log ---
manifest
ADDED from AndroidManifest.xml:1:1
	package
		ADDED from AndroidManifest.xml:2:5
		INJECTED from AndroidManifest.xml:0:0
		INJECTED from AndroidManifest.xml:0:0
	android:versionName
		ADDED from AndroidManifest.xml:4:5
	android:versionCode
		ADDED from AndroidManifest.xml:3:5
		INJECTED from AndroidManifest.xml:0:0
		INJECTED from AndroidManifest.xml:0:0
	xmlns:android
		ADDED from AndroidManifest.xml:1:11
uses-sdk
ADDED from AndroidManifest.xml:6:5
MERGED from com.android.support:support-v4:22.2.0:20:5
MERGED from com.google.android.gms:play-services:7.8.0:18:5
MERGED from com.google.android.gms:play-services-ads:7.8.0:23:5
MERGED from com.google.android.gms:play-services-base:7.8.0:18:5
MERGED from com.android.support:support-v4:22.2.0:20:5
MERGED from com.google.android.gms:play-services-analytics:7.8.0:18:5
MERGED from com.google.android.gms:play-services-base:7.8.0:18:5
MERGED from com.android.support:support-v4:22.2.0:20:5
MERGED from com.google.android.gms:play-services-appindexing:7.8.0:18:5
MERGED from com.google.android.gms:play-services-base:7.8.0:18:5
MERGED from com.android.support:support-v4:22.2.0:20:5
MERGED from com.google.android.gms:play-services-analytics:7.8.0:18:5
MERGED from com.google.android.gms:play-services-base:7.8.0:18:5
MERGED from com.android.support:support-v4:22.2.0:20:5
MERGED from com.google.android.gms:play-services-appindexing:7.8.0:18:5
MERGED from com.google.android.gms:play-services-base:7.8.0:18:5
MERGED from com.android.support:support-v4:22.2.0:20:5
MERGED from com.google.android.gms:play-services-appinvite:7.8.0:18:5
MERGED from com.google.android.gms:play-services-base:7.8.0:18:5
MERGED from com.android.support:support-v4:22.2.0:20:5
MERGED from com.google.android.gms:play-services-appstate:7.8.0:18:5
MERGED from com.google.android.gms:play-services-base:7.8.0:18:5
MERGED from com.android.support:support-v4:22.2.0:20:5
MERGED from com.google.android.gms:play-services-base:7.8.0:18:5
MERGED from com.android.support:support-v4:22.2.0:20:5
MERGED from com.google.android.gms:play-services-cast:7.8.0:18:5
MERGED from com.google.android.gms:play-services-base:7.8.0:18:5
MERGED from com.android.support:support-v4:22.2.0:20:5
MERGED from com.android.support:mediarouter-v7:22.2.0:20:5
MERGED from com.android.support:appcompat-v7:22.2.0:20:5
MERGED from com.android.support:support-v4:22.2.0:20:5
MERGED from com.google.android.gms:play-services-drive:7.8.0:18:5
MERGED from com.google.android.gms:play-services-base:7.8.0:18:5
MERGED from com.android.support:support-v4:22.2.0:20:5
MERGED from com.google.android.gms:play-services-fitness:7.8.0:18:5
MERGED from com.google.android.gms:play-services-base:7.8.0:18:5
MERGED from com.android.support:support-v4:22.2.0:20:5
MERGED from com.google.android.gms:play-services-location:7.8.0:18:5
MERGED from com.google.android.gms:play-services-base:7.8.0:18:5
MERGED from com.android.support:support-v4:22.2.0:20:5
MERGED from com.google.android.gms:play-services-maps:7.8.0:27:5
MERGED from com.google.android.gms:play-services-base:7.8.0:18:5
MERGED from com.android.support:support-v4:22.2.0:20:5
MERGED from com.google.android.gms:play-services-games:7.8.0:18:5
MERGED from com.google.android.gms:play-services-base:7.8.0:18:5
MERGED from com.android.support:support-v4:22.2.0:20:5
MERGED from com.google.android.gms:play-services-drive:7.8.0:18:5
MERGED from com.google.android.gms:play-services-base:7.8.0:18:5
MERGED from com.android.support:support-v4:22.2.0:20:5
MERGED from com.google.android.gms:play-services-gcm:7.8.0:18:5
MERGED from com.google.android.gms:play-services-base:7.8.0:18:5
MERGED from com.android.support:support-v4:22.2.0:20:5
MERGED from com.google.android.gms:play-services-identity:7.8.0:18:5
MERGED from com.google.android.gms:play-services-base:7.8.0:18:5
MERGED from com.android.support:support-v4:22.2.0:20:5
MERGED from com.google.android.gms:play-services-location:7.8.0:18:5
MERGED from com.google.android.gms:play-services-base:7.8.0:18:5
MERGED from com.android.support:support-v4:22.2.0:20:5
MERGED from com.google.android.gms:play-services-maps:7.8.0:27:5
MERGED from com.google.android.gms:play-services-base:7.8.0:18:5
MERGED from com.android.support:support-v4:22.2.0:20:5
MERGED from com.google.android.gms:play-services-maps:7.8.0:27:5
MERGED from com.google.android.gms:play-services-base:7.8.0:18:5
MERGED from com.android.support:support-v4:22.2.0:20:5
MERGED from com.google.android.gms:play-services-nearby:7.8.0:18:5
MERGED from com.google.android.gms:play-services-base:7.8.0:18:5
MERGED from com.android.support:support-v4:22.2.0:20:5
MERGED from com.google.android.gms:play-services-panorama:7.8.0:18:5
MERGED from com.google.android.gms:play-services-base:7.8.0:18:5
MERGED from com.android.support:support-v4:22.2.0:20:5
MERGED from com.google.android.gms:play-services-plus:7.8.0:18:5
MERGED from com.google.android.gms:play-services-base:7.8.0:18:5
MERGED from com.android.support:support-v4:22.2.0:20:5
MERGED from com.google.android.gms:play-services-safetynet:7.8.0:18:5
MERGED from com.google.android.gms:play-services-base:7.8.0:18:5
MERGED from com.android.support:support-v4:22.2.0:20:5
MERGED from com.google.android.gms:play-services-vision:7.8.0:4:5
MERGED from com.google.android.gms:play-services-base:7.8.0:18:5
MERGED from com.android.support:support-v4:22.2.0:20:5
MERGED from com.google.android.gms:play-services-wallet:7.8.0:19:5
MERGED from com.google.android.gms:play-services-base:7.8.0:18:5
MERGED from com.android.support:support-v4:22.2.0:20:5
MERGED from com.google.android.gms:play-services-identity:7.8.0:18:5
MERGED from com.google.android.gms:play-services-base:7.8.0:18:5
MERGED from com.android.support:support-v4:22.2.0:20:5
MERGED from com.google.android.gms:play-services-maps:7.8.0:27:5
MERGED from com.google.android.gms:play-services-base:7.8.0:18:5
MERGED from com.android.support:support-v4:22.2.0:20:5
MERGED from com.google.android.gms:play-services-wearable:7.8.0:18:5
MERGED from com.google.android.gms:play-services-base:7.8.0:18:5
MERGED from com.android.support:support-v4:22.2.0:20:5
	android:targetSdkVersion
		ADDED from AndroidManifest.xml:8:9
		INJECTED from AndroidManifest.xml:0:0
		INJECTED from AndroidManifest.xml:0:0
	android:minSdkVersion
		ADDED from AndroidManifest.xml:7:9
		INJECTED from AndroidManifest.xml:0:0
		INJECTED from AndroidManifest.xml:0:0
uses-permission#android.permission.INTERNET
ADDED from AndroidManifest.xml:10:5
MERGED from com.google.android.gms:play-services-ads:7.8.0:20:5
MERGED from com.google.android.gms:play-services-analytics:7.8.0:21:5
MERGED from com.google.android.gms:play-services-analytics:7.8.0:21:5
MERGED from com.google.android.gms:play-services-appinvite:7.8.0:19:5
MERGED from com.google.android.gms:play-services-maps:7.8.0:21:5
MERGED from com.google.android.gms:play-services-gcm:7.8.0:22:5
MERGED from com.google.android.gms:play-services-maps:7.8.0:21:5
MERGED from com.google.android.gms:play-services-maps:7.8.0:21:5
MERGED from com.google.android.gms:play-services-wallet:7.8.0:20:5
MERGED from com.google.android.gms:play-services-maps:7.8.0:21:5
	android:name
		ADDED from AndroidManifest.xml:10:22
uses-permission#android.permission.GET_ACCOUNTS
ADDED from AndroidManifest.xml:11:5
MERGED from com.google.android.gms:play-services-wallet:7.8.0:21:5
	android:name
		ADDED from AndroidManifest.xml:11:22
uses-permission#android.permission.USE_CREDENTIALS
ADDED from AndroidManifest.xml:12:5
MERGED from com.google.android.gms:play-services-wallet:7.8.0:22:5
	android:name
		ADDED from AndroidManifest.xml:12:22
uses-permission#com.android.vending.BILLING
ADDED from AndroidManifest.xml:13:5
	android:name
		ADDED from AndroidManifest.xml:13:22
uses-permission#com.android.launcher.permission.INSTALL_SHORTCUT
ADDED from AndroidManifest.xml:14:5
	android:name
		ADDED from AndroidManifest.xml:14:22
uses-permission#android.permission.ACCESS_NETWORK_STATE
ADDED from AndroidManifest.xml:15:5
MERGED from com.google.android.gms:play-services-ads:7.8.0:21:5
MERGED from com.google.android.gms:play-services-analytics:7.8.0:22:5
MERGED from com.google.android.gms:play-services-analytics:7.8.0:22:5
MERGED from com.google.android.gms:play-services-maps:7.8.0:20:5
MERGED from com.google.android.gms:play-services-maps:7.8.0:20:5
MERGED from com.google.android.gms:play-services-maps:7.8.0:20:5
MERGED from com.google.android.gms:play-services-nearby:7.8.0:19:5
MERGED from com.google.android.gms:play-services-maps:7.8.0:20:5
	android:name
		ADDED from AndroidManifest.xml:15:22
uses-permission#android.permission.ACCESS_WIFI_STATE
ADDED from AndroidManifest.xml:16:5
	android:name
		ADDED from AndroidManifest.xml:16:22
uses-permission#android.permission.WRITE_EXTERNAL_STORAGE
ADDED from AndroidManifest.xml:17:5
MERGED from com.google.android.gms:play-services-maps:7.8.0:22:5
MERGED from com.google.android.gms:play-services-maps:7.8.0:22:5
MERGED from com.google.android.gms:play-services-maps:7.8.0:22:5
MERGED from com.google.android.gms:play-services-maps:7.8.0:22:5
	android:name
		ADDED from AndroidManifest.xml:17:22
application
ADDED from AndroidManifest.xml:19:5
MERGED from com.android.support:support-v4:22.2.0:22:5
MERGED from com.google.android.gms:play-services:7.8.0:19:5
MERGED from com.google.android.gms:play-services-ads:7.8.0:24:5
MERGED from com.google.android.gms:play-services-base:7.8.0:20:5
MERGED from com.android.support:support-v4:22.2.0:22:5
MERGED from com.google.android.gms:play-services-analytics:7.8.0:24:5
MERGED from com.google.android.gms:play-services-base:7.8.0:20:5
MERGED from com.android.support:support-v4:22.2.0:22:5
MERGED from com.google.android.gms:play-services-appindexing:7.8.0:19:5
MERGED from com.google.android.gms:play-services-base:7.8.0:20:5
MERGED from com.android.support:support-v4:22.2.0:22:5
MERGED from com.google.android.gms:play-services-analytics:7.8.0:24:5
MERGED from com.google.android.gms:play-services-base:7.8.0:20:5
MERGED from com.android.support:support-v4:22.2.0:22:5
MERGED from com.google.android.gms:play-services-appindexing:7.8.0:19:5
MERGED from com.google.android.gms:play-services-base:7.8.0:20:5
MERGED from com.android.support:support-v4:22.2.0:22:5
MERGED from com.google.android.gms:play-services-appinvite:7.8.0:20:5
MERGED from com.google.android.gms:play-services-base:7.8.0:20:5
MERGED from com.android.support:support-v4:22.2.0:22:5
MERGED from com.google.android.gms:play-services-appstate:7.8.0:19:5
MERGED from com.google.android.gms:play-services-base:7.8.0:20:5
MERGED from com.android.support:support-v4:22.2.0:22:5
MERGED from com.google.android.gms:play-services-base:7.8.0:20:5
MERGED from com.android.support:support-v4:22.2.0:22:5
MERGED from com.google.android.gms:play-services-cast:7.8.0:19:5
MERGED from com.google.android.gms:play-services-base:7.8.0:20:5
MERGED from com.android.support:support-v4:22.2.0:22:5
MERGED from com.android.support:mediarouter-v7:22.2.0:22:5
MERGED from com.android.support:appcompat-v7:22.2.0:22:5
MERGED from com.android.support:support-v4:22.2.0:22:5
MERGED from com.google.android.gms:play-services-drive:7.8.0:19:5
MERGED from com.google.android.gms:play-services-base:7.8.0:20:5
MERGED from com.android.support:support-v4:22.2.0:22:5
MERGED from com.google.android.gms:play-services-fitness:7.8.0:19:5
MERGED from com.google.android.gms:play-services-base:7.8.0:20:5
MERGED from com.android.support:support-v4:22.2.0:22:5
MERGED from com.google.android.gms:play-services-location:7.8.0:19:5
MERGED from com.google.android.gms:play-services-base:7.8.0:20:5
MERGED from com.android.support:support-v4:22.2.0:22:5
MERGED from com.google.android.gms:play-services-maps:7.8.0:28:5
MERGED from com.google.android.gms:play-services-base:7.8.0:20:5
MERGED from com.android.support:support-v4:22.2.0:22:5
MERGED from com.google.android.gms:play-services-games:7.8.0:19:5
MERGED from com.google.android.gms:play-services-base:7.8.0:20:5
MERGED from com.android.support:support-v4:22.2.0:22:5
MERGED from com.google.android.gms:play-services-drive:7.8.0:19:5
MERGED from com.google.android.gms:play-services-base:7.8.0:20:5
MERGED from com.android.support:support-v4:22.2.0:22:5
MERGED from com.google.android.gms:play-services-gcm:7.8.0:24:5
MERGED from com.google.android.gms:play-services-base:7.8.0:20:5
MERGED from com.android.support:support-v4:22.2.0:22:5
MERGED from com.google.android.gms:play-services-identity:7.8.0:19:5
MERGED from com.google.android.gms:play-services-base:7.8.0:20:5
MERGED from com.android.support:support-v4:22.2.0:22:5
MERGED from com.google.android.gms:play-services-location:7.8.0:19:5
MERGED from com.google.android.gms:play-services-base:7.8.0:20:5
MERGED from com.android.support:support-v4:22.2.0:22:5
MERGED from com.google.android.gms:play-services-maps:7.8.0:28:5
MERGED from com.google.android.gms:play-services-base:7.8.0:20:5
MERGED from com.android.support:support-v4:22.2.0:22:5
MERGED from com.google.android.gms:play-services-maps:7.8.0:28:5
MERGED from com.google.android.gms:play-services-base:7.8.0:20:5
MERGED from com.android.support:support-v4:22.2.0:22:5
MERGED from com.google.android.gms:play-services-nearby:7.8.0:20:5
MERGED from com.google.android.gms:play-services-base:7.8.0:20:5
MERGED from com.android.support:support-v4:22.2.0:22:5
MERGED from com.google.android.gms:play-services-panorama:7.8.0:19:5
MERGED from com.google.android.gms:play-services-base:7.8.0:20:5
MERGED from com.android.support:support-v4:22.2.0:22:5
MERGED from com.google.android.gms:play-services-plus:7.8.0:19:5
MERGED from com.google.android.gms:play-services-base:7.8.0:20:5
MERGED from com.android.support:support-v4:22.2.0:22:5
MERGED from com.google.android.gms:play-services-safetynet:7.8.0:19:5
MERGED from com.google.android.gms:play-services-base:7.8.0:20:5
MERGED from com.android.support:support-v4:22.2.0:22:5
MERGED from com.google.android.gms:play-services-vision:7.8.0:5:5
MERGED from com.google.android.gms:play-services-base:7.8.0:20:5
MERGED from com.android.support:support-v4:22.2.0:22:5
MERGED from com.google.android.gms:play-services-base:7.8.0:20:5
MERGED from com.android.support:support-v4:22.2.0:22:5
MERGED from com.google.android.gms:play-services-identity:7.8.0:19:5
MERGED from com.google.android.gms:play-services-base:7.8.0:20:5
MERGED from com.android.support:support-v4:22.2.0:22:5
MERGED from com.google.android.gms:play-services-maps:7.8.0:28:5
MERGED from com.google.android.gms:play-services-base:7.8.0:20:5
MERGED from com.android.support:support-v4:22.2.0:22:5
MERGED from com.google.android.gms:play-services-wearable:7.8.0:19:5
MERGED from com.google.android.gms:play-services-base:7.8.0:20:5
MERGED from com.android.support:support-v4:22.2.0:22:5
	android:label
		ADDED from AndroidManifest.xml:22:9
	android:icon
		ADDED from AndroidManifest.xml:21:9
	android:theme
		ADDED from AndroidManifest.xml:23:9
	android:name
		ADDED from AndroidManifest.xml:20:9
activity#com.cgearc.yummy.Act_Main
ADDED from AndroidManifest.xml:24:9
	android:label
		ADDED from AndroidManifest.xml:26:13
	android:configChanges
		ADDED from AndroidManifest.xml:27:13
	android:name
		ADDED from AndroidManifest.xml:25:13
intent-filter#android.intent.action.MAIN+android.intent.category.LAUNCHER
ADDED from AndroidManifest.xml:28:13
action#android.intent.action.MAIN
ADDED from AndroidManifest.xml:29:17
	android:name
		ADDED from AndroidManifest.xml:29:25
category#android.intent.category.LAUNCHER
ADDED from AndroidManifest.xml:31:17
	android:name
		ADDED from AndroidManifest.xml:31:27
activity#com.cgearc.yummy.Act_RecipeSearch
ADDED from AndroidManifest.xml:34:9
	android:name
		ADDED from AndroidManifest.xml:35:13
activity#com.google.android.gms.ads.AdActivity
ADDED from AndroidManifest.xml:37:9
MERGED from com.google.android.gms:play-services-ads:7.8.0:26:9
	android:configChanges
		ADDED from AndroidManifest.xml:39:13
	android:theme
		ADDED from com.google.android.gms:play-services-ads:7.8.0:29:13
	android:name
		ADDED from AndroidManifest.xml:38:13
meta-data#com.google.android.gms.version
ADDED from AndroidManifest.xml:41:9
MERGED from com.google.android.gms:play-services-base:7.8.0:21:9
MERGED from com.google.android.gms:play-services-base:7.8.0:21:9
MERGED from com.google.android.gms:play-services-base:7.8.0:21:9
MERGED from com.google.android.gms:play-services-base:7.8.0:21:9
MERGED from com.google.android.gms:play-services-base:7.8.0:21:9
MERGED from com.google.android.gms:play-services-base:7.8.0:21:9
MERGED from com.google.android.gms:play-services-base:7.8.0:21:9
MERGED from com.google.android.gms:play-services-base:7.8.0:21:9
MERGED from com.google.android.gms:play-services-base:7.8.0:21:9
MERGED from com.google.android.gms:play-services-base:7.8.0:21:9
MERGED from com.google.android.gms:play-services-base:7.8.0:21:9
MERGED from com.google.android.gms:play-services-base:7.8.0:21:9
MERGED from com.google.android.gms:play-services-base:7.8.0:21:9
MERGED from com.google.android.gms:play-services-base:7.8.0:21:9
MERGED from com.google.android.gms:play-services-base:7.8.0:21:9
MERGED from com.google.android.gms:play-services-base:7.8.0:21:9
MERGED from com.google.android.gms:play-services-base:7.8.0:21:9
MERGED from com.google.android.gms:play-services-base:7.8.0:21:9
MERGED from com.google.android.gms:play-services-base:7.8.0:21:9
MERGED from com.google.android.gms:play-services-base:7.8.0:21:9
MERGED from com.google.android.gms:play-services-base:7.8.0:21:9
MERGED from com.google.android.gms:play-services-base:7.8.0:21:9
MERGED from com.google.android.gms:play-services-base:7.8.0:21:9
MERGED from com.google.android.gms:play-services-base:7.8.0:21:9
MERGED from com.google.android.gms:play-services-base:7.8.0:21:9
MERGED from com.google.android.gms:play-services-base:7.8.0:21:9
MERGED from com.google.android.gms:play-services-base:7.8.0:21:9
MERGED from com.google.android.gms:play-services-base:7.8.0:21:9
MERGED from com.google.android.gms:play-services-base:7.8.0:21:9
	android:value
		ADDED from AndroidManifest.xml:43:13
	android:name
		ADDED from AndroidManifest.xml:42:13
activity#com.google.android.gms.ads.purchase.InAppPurchaseActivity
ADDED from com.google.android.gms:play-services-ads:7.8.0:30:9
	android:theme
		ADDED from com.google.android.gms:play-services-ads:7.8.0:31:13
	android:name
		ADDED from com.google.android.gms:play-services-ads:7.8.0:30:19
uses-feature#0x00020000
ADDED from com.google.android.gms:play-services-maps:7.8.0:23:5
MERGED from com.google.android.gms:play-services-maps:7.8.0:23:5
MERGED from com.google.android.gms:play-services-maps:7.8.0:23:5
MERGED from com.google.android.gms:play-services-maps:7.8.0:23:5
	android:glEsVersion
		ADDED from com.google.android.gms:play-services-maps:7.8.0:24:8
	android:required
		ADDED from com.google.android.gms:play-services-maps:7.8.0:25:8
android:uses-permission#android.permission.READ_EXTERNAL_STORAGE
IMPLIED from AndroidManifest.xml:1:1 reason: com.google.android.gms.maps requested WRITE_EXTERNAL_STORAGE
uses-permission#com.google.android.c2dm.permission.RECEIVE
ADDED from com.google.android.gms:play-services-gcm:7.8.0:21:5
	android:name
		ADDED from com.google.android.gms:play-services-gcm:7.8.0:21:22